-------------------------------------------------------------------------------
Test set: com.hexaware.ftp85.model.LeaveDetailsTest
-------------------------------------------------------------------------------
Tests run: 11, Failures: 1, Errors: 0, Skipped: 0, Time elapsed: 0.826 s <<< FAILURE! - in com.hexaware.ftp85.model.LeaveDetailsTest
testApplySslLeave(com.hexaware.ftp85.model.LeaveDetailsTest)  Time elapsed: 0.073 s  <<< FAILURE!
org.junit.ComparisonFailure: expected:<[Leave Applied Successfully]> but was:<[You have already applied for SSL leave. Sorry! cannot apply again.]>
	at com.hexaware.ftp85.model.LeaveDetailsTest.testApplySslLeave(LeaveDetailsTest.java:311)

