<?xml version="1.0" encoding="UTF-8"?>
<testsuite xmlns:xsi="http://www.w3.org/2001/XMLSchema-instance" xsi:noNamespaceSchemaLocation="https://maven.apache.org/surefire/maven-surefire-plugin/xsd/surefire-test-report.xsd" name="com.hexaware.ftp85.model.EmployeeTest" time="0.487" tests="10" errors="0" skipped="0" failures="0">
  <properties>
[...]
</properties>
  <testcase name="testEmployeeSetters" classname="com.hexaware.ftp85.model.EmployeeTest" time="0.079"/>
  <testcase name="testListAllSome" classname="com.hexaware.ftp85.model.EmployeeTest" time="0.064"/>
  <testcase name="testEmployee1" classname="com.hexaware.ftp85.model.EmployeeTest" time="0"/>
  <testcase name="testEmployee2" classname="com.hexaware.ftp85.model.EmployeeTest" time="0"/>
  <testcase name="testIncrement" classname="com.hexaware.ftp85.model.EmployeeTest" time="0.031"/>
  <testcase name="testListAllEmpty" classname="com.hexaware.ftp85.model.EmployeeTest" time="0.015"/>
  <testcase name="testhashCode" classname="com.hexaware.ftp85.model.EmployeeTest" time="0"/>
  <testcase name="testDecrement" classname="com.hexaware.ftp85.model.EmployeeTest" time="0.016"/>
  <testcase name="testEquals" classname="com.hexaware.ftp85.model.EmployeeTest" time="0.016"/>
  <testcase name="testListById" classname="com.hexaware.ftp85.model.EmployeeTest" time="0.015"/>
</testsuite>